<?xml version="1.0" encoding="UTF-8"?>
<!-- Generated by org.testng.reporters.JUnitXMLReporter -->
<testsuite ignored="0" hostname="DESKTOP-8R7K7D8" failures="0" tests="4" name="Surefire test" time="0.03" errors="0" timestamp="30 Jan 2025 12:39:43 GMT">
  <testcase classname="Package1.ContactTest" name="createContactTest" time="0.009"/>
  <testcase classname="Package1.ContactTest" name="modifycontactTest" time="0.0"/>
  <testcase classname="Package2.OrgTest" name="createOrgTest" time="0.001"/>
  <testcase classname="Package2.OrgTest" name="modifyOrgTest" time="0.0"/>
</testsuite> <!-- Surefire test -->
