<?xml version="1.0" encoding="UTF-8"?>
<testsuite xmlns:xsi="http://www.w3.org/2001/XMLSchema-instance" xsi:noNamespaceSchemaLocation="https://maven.apache.org/surefire/maven-surefire-plugin/xsd/surefire-test-report-3.0.xsd" version="3.0" name="TestSuite" time="0.321" tests="4" errors="0" skipped="0" failures="0">
  <properties>
[...]
</properties>
  <testcase name="createContactTest" classname="Package1.ContactTest" time="0.013">
    <system-out><![CDATA[http://49.249.28.218:8081
firefox
admin
admin
execute createContacttest
]]></system-out>
  </testcase>
  <testcase name="modifycontactTest" classname="Package1.ContactTest" time="0.001">
    <system-out><![CDATA[execute modifycontactTest
]]></system-out>
  </testcase>
  <testcase name="createOrgTest" classname="Package2.OrgTest" time="0.001">
    <system-out><![CDATA[execute createOrgtest
]]></system-out>
  </testcase>
  <testcase name="modifyOrgTest" classname="Package2.OrgTest" time="0.0">
    <system-out><![CDATA[execute modifyOrgTest
]]></system-out>
  </testcase>
</testsuite>