<?xml version="1.0" encoding="UTF-8"?>
<testng-results ignored="0" total="4" passed="4" failed="0" skipped="0">
  <reporter-output>
  </reporter-output>
  <suite started-at="2025-01-30T12:39:43Z" name="Surefire suite" finished-at="2025-01-30T12:39:43Z" duration-ms="30">
    <groups>
    </groups>
    <test started-at="2025-01-30T12:39:43Z" name="Surefire test" finished-at="2025-01-30T12:39:43Z" duration-ms="30">
      <class name="Package1.ContactTest">
        <test-method signature="createContactTest()[pri:0, instance:Package1.ContactTest@70a9f84e]" started-at="2025-01-30T12:39:43Z" name="createContactTest" finished-at="2025-01-30T12:39:43Z" duration-ms="9" status="PASS">
          <reporter-output>
          </reporter-output>
        </test-method> <!-- createContactTest -->
        <test-method signature="modifycontactTest()[pri:0, instance:Package1.ContactTest@70a9f84e]" started-at="2025-01-30T12:39:43Z" name="modifycontactTest" finished-at="2025-01-30T12:39:43Z" duration-ms="0" status="PASS">
          <reporter-output>
          </reporter-output>
        </test-method> <!-- modifycontactTest -->
      </class> <!-- Package1.ContactTest -->
      <class name="Package2.OrgTest">
        <test-method signature="createOrgTest()[pri:0, instance:Package2.OrgTest@130f889]" started-at="2025-01-30T12:39:43Z" name="createOrgTest" finished-at="2025-01-30T12:39:43Z" duration-ms="1" status="PASS">
          <reporter-output>
          </reporter-output>
        </test-method> <!-- createOrgTest -->
        <test-method signature="modifyOrgTest()[pri:0, instance:Package2.OrgTest@130f889]" started-at="2025-01-30T12:39:43Z" name="modifyOrgTest" finished-at="2025-01-30T12:39:43Z" duration-ms="0" status="PASS">
          <reporter-output>
          </reporter-output>
        </test-method> <!-- modifyOrgTest -->
      </class> <!-- Package2.OrgTest -->
    </test> <!-- Surefire test -->
  </suite> <!-- Surefire suite -->
</testng-results>
